10:12:28 **** Incremental Build of configuration Default for project ZPP_Epuck2_Project ****
make all 
[1;34mCompiling main.c[0m
[1;34mLinking build/Project_template.elf[0m
[1;34mCreating build/Project_template.hex[0m
[1;34mCreating build/Project_template.bin[0m
[1;34mCreating build/Project_template.dmp[0m

   text	   data	    bss	    dec	    hex	filename
  56212	   2988	   7228	  66428	  1037c	build/Project_template.elf
[1;34mCreating build/Project_template.list[0m

[1;34mDone[0m
10:14:10 **** Incremental Build of configuration Default for project ZPP_Epuck2_Project ****
make all 
make: ÂØπ‚Äúall‚ÄùÊó†ÈúÄÂÅö‰ªª‰Ωï‰∫ã„ÄÇ
10:16:27 **** Incremental Build of configuration Default for project ZPP_Epuck2_Project ****
make all 
make: ÂØπ‚Äúall‚ÄùÊó†ÈúÄÂÅö‰ªª‰Ωï‰∫ã„ÄÇ
10:20:36 **** Incremental Build of configuration Default for project ZPP_Epuck2_Project ****
make all 
make: ÂØπ‚Äúall‚ÄùÊó†ÈúÄÂÅö‰ªª‰Ωï‰∫ã„ÄÇ
21:59:12 **** Incremental Build of configuration Default for project ZPP_Epuck2_Project ****
make all 
make: ÂØπ‚Äúall‚ÄùÊó†ÈúÄÂÅö‰ªª‰Ωï‰∫ã„ÄÇ
22:12:16 **** Incremental Build of configuration Default for project ZPP_Epuck2_Project ****
make all 
[1;34mCompiling main.c[0m
[1;34mLinking build/Project_template.elf[0m
[1;34mCreating build/Project_template.hex[0m
[1;34mCreating build/Project_template.bin[0m
[1;34mCreating build/Project_template.dmp[0m

   text	   data	    bss	    dec	    hex	filename
  52164	   2972	   6452	  61588	   f094	build/Project_template.elf
[1;34mCreating build/Project_template.list[0m

[1;34mDone[0m
22:12:51 **** Incremental Build of configuration Default for project ZPP_Epuck2_Project ****
make all 
[1;34mCompiling main.c[0m
main.c: In function 'main':
main.c:30:25: error: 'bus_lock' undeclared (first use in this function); did you mean '__lock'?
  messagebus_init(&bus, &bus_lock, &bus_condvar);
                         ^~~~~~~~
                         __lock
main.c:30:25: note: each undeclared identifier is reported only once for each function it appears in
make: *** [../e-puck2_main-processor/ChibiOS//os/common/ports/ARMCMx/compilers/GCC/rules.mk:217: build/obj/main.o] Error 1
"make all" terminated with exit code 2. Build might be incomplete.
22:13:00 **** Incremental Build of configuration Default for project ZPP_Epuck2_Project ****
make all 
[1;34mCompiling main.c[0m
[1;34mLinking build/Project_template.elf[0m
[1;34mCreating build/Project_template.hex[0m
[1;34mCreating build/Project_template.bin[0m
[1;34mCreating build/Project_template.dmp[0m

   text	   data	    bss	    dec	    hex	filename
  52100	   2948	   6444	  61492	   f034	build/Project_template.elf
[1;34mCreating build/Project_template.list[0m

[1;34mDone[0m
23:37:08 **** Incremental Build of configuration Default for project ZPP_Epuck2_Project ****
make all 
[1;34mCompiling main.c[0m
main.c: In function 'main':
main.c:56:42: warning: left-hand operand of comma expression has no effect [-Wunused-value]
         char proximity_sensor [8] =("ps0","ps1","ps2","ps3","ps4","ps5","ps6","ps7");
                                          ^
main.c:56:48: warning: left-hand operand of comma expression has no effect [-Wunused-value]
         char proximity_sensor [8] =("ps0","ps1","ps2","ps3","ps4","ps5","ps6","ps7");
                                                ^
main.c:56:54: warning: left-hand operand of comma expression has no effect [-Wunused-value]
         char proximity_sensor [8] =("ps0","ps1","ps2","ps3","ps4","ps5","ps6","ps7");
                                                      ^
main.c:56:60: warning: left-hand operand of comma expression has no effect [-Wunused-value]
         char proximity_sensor [8] =("ps0","ps1","ps2","ps3","ps4","ps5","ps6","ps7");
                                                            ^
main.c:56:66: warning: left-hand operand of comma expression has no effect [-Wunused-value]
         char proximity_sensor [8] =("ps0","ps1","ps2","ps3","ps4","ps5","ps6","ps7");
                                                                  ^
main.c:56:72: warning: left-hand operand of comma expression has no effect [-Wunused-value]
         char proximity_sensor [8] =("ps0","ps1","ps2","ps3","ps4","ps5","ps6","ps7");
                                                                        ^
main.c:56:78: warning: left-hand operand of comma expression has no effect [-Wunused-value]
         char proximity_sensor [8] =("ps0","ps1","ps2","ps3","ps4","ps5","ps6","ps7");
                                                                              ^
main.c:56:36: error: invalid initializer
         char proximity_sensor [8] =("ps0","ps1","ps2","ps3","ps4","ps5","ps6","ps7");
                                    ^
main.c:56:14: warning: unused variable 'proximity_sensor' [-Wunused-variable]
         char proximity_sensor [8] =("ps0","ps1","ps2","ps3","ps4","ps5","ps6","ps7");
              ^~~~~~~~~~~~~~~~
main.c:86:1: error: expected '(' before '}' token
 }
 ^
make: *** [../e-puck2_main-processor/ChibiOS//os/common/ports/ARMCMx/compilers/GCC/rules.mk:217: build/obj/main.o] Error 1
"make all" terminated with exit code 2. Build might be incomplete.
23:38:35 **** Incremental Build of configuration Default for project ZPP_Epuck2_Project ****
make all 
[1;34mCompiling main.c[0m
[1;34mLinking build/Project_template.elf[0m
[1;34mCreating build/Project_template.hex[0m
[1;34mCreating build/Project_template.bin[0m
[1;34mCreating build/Project_template.dmp[0m

   text	   data	    bss	    dec	    hex	filename
  52100	   2948	   6444	  61492	   f034	build/Project_template.elf
[1;34mCreating build/Project_template.list[0m

[1;34mDone[0m
23:38:58 **** Incremental Build of configuration Default for project ZPP_Epuck2_Project ****
make all 
make: Nothing to be done for 'all'.
20:40:52 **** Incremental Build of configuration Default for project ZPP_Epuck2_Project ****
make all 
[1;34mCompiling main.c[0m
main.c: In function 'main':
main.c:57:13: warning: function declaration isn't a prototype [-Wstrict-prototypes]
         int main()
             ^~~~
main.c:57:13: warning: 'main' is normally a non-static function [-Wmain]
main.c: In function 'main':
main.c:64:11: error: 'cout' undeclared (first use in this function); did you mean 'cosl'?
           cout << "proximity sensor "<< i << ": "<< proximity_reading[i] << endl;  //Output the value of each sensor
           ^~~~
           cosl
main.c:64:11: note: each undeclared identifier is reported only once for each function it appears in
main.c:64:77: error: 'endl' undeclared (first use in this function); did you mean 'erfl'?
           cout << "proximity sensor "<< i << ": "<< proximity_reading[i] << endl;  //Output the value of each sensor
                                                                             ^~~~
                                                                             erfl
main.c:81:88: warning: suggest parentheses around '&&' within '||' [-Wparentheses]
           else if(proximity_reading[0] < threshold || proximity_reading[7] < threshold && proximity_reading[2] == 0) //obstacles ahead
                                                       ~~~~~~~~~~~~~~~~~~~~~~~~~~~~~~~~~^~~~~~~~~~~~~~~~~~~~~~~~~~~~
main.c:59:17: warning: unused variable 'proximity_sensor' [-Wunused-variable]
             int proximity_sensor[8] ={0,1,2,3,4,5,6,7};  //Name the 8 proximity sensors
                 ^~~~~~~~~~~~~~~~
At top level:
main.c:57:13: warning: 'main' defined but not used [-Wunused-function]
         int main()
             ^~~~
make: *** [../e-puck2_main-processor/ChibiOS//os/common/ports/ARMCMx/compilers/GCC/rules.mk:217: build/obj/main.o] Error 1
"make all" terminated with exit code 2. Build might be incomplete.
20:41:44 **** Incremental Build of configuration Default for project ZPP_Epuck2_Project ****
make all 
[1;34mCompiling main.c[0m
main.c: In function 'main':
main.c:57:13: warning: function declaration isn't a prototype [-Wstrict-prototypes]
         int main()
             ^~~~
main.c:57:13: warning: 'main' is normally a non-static function [-Wmain]
main.c: In function 'main':
main.c:81:88: warning: suggest parentheses around '&&' within '||' [-Wparentheses]
           else if(proximity_reading[0] < threshold || proximity_reading[7] < threshold && proximity_reading[2] == 0) //obstacles ahead
                                                       ~~~~~~~~~~~~~~~~~~~~~~~~~~~~~~~~~^~~~~~~~~~~~~~~~~~~~~~~~~~~~
main.c:59:17: warning: unused variable 'proximity_sensor' [-Wunused-variable]
             int proximity_sensor[8] ={0,1,2,3,4,5,6,7};  //Name the 8 proximity sensors
                 ^~~~~~~~~~~~~~~~
At top level:
main.c:57:13: warning: 'main' defined but not used [-Wunused-function]
         int main()
             ^~~~
[1;34mLinking build/Project_template.elf[0m
[1;34mCreating build/Project_template.hex[0m
[1;34mCreating build/Project_template.bin[0m
[1;34mCreating build/Project_template.dmp[0m

   text	   data	    bss	    dec	    hex	filename
  52100	   2948	   6444	  61492	   f034	build/Project_template.elf
[1;34mCreating build/Project_template.list[0m

[1;34mDone[0m
20:48:02 **** Incremental Build of configuration Default for project ZPP_Epuck2_Project ****
make all 
[1;34mCompiling main.c[0m
main.c: In function 'main':
main.c:57:13: warning: function declaration isn't a prototype [-Wstrict-prototypes]
         int main()
             ^~~~
main.c:57:13: warning: 'main' is normally a non-static function [-Wmain]
main.c: In function 'main':
main.c:93:88: warning: suggest parentheses around '&&' within '||' [-Wparentheses]
           else if(proximity_reading[0] < threshold || proximity_reading[7] < threshold && proximity_reading[2] == 0) //obstacles ahead
                                                       ~~~~~~~~~~~~~~~~~~~~~~~~~~~~~~~~~^~~~~~~~~~~~~~~~~~~~~~~~~~~~
main.c:59:17: warning: unused variable 'proximity_sensor' [-Wunused-variable]
             int proximity_sensor[8] ={0,1,2,3,4,5,6,7};  //Name the 8 proximity sensors
                 ^~~~~~~~~~~~~~~~
At top level:
main.c:57:13: warning: 'main' defined but not used [-Wunused-function]
         int main()
             ^~~~
[1;34mLinking build/Project_template.elf[0m
[1;34mCreating build/Project_template.hex[0m
[1;34mCreating build/Project_template.bin[0m
[1;34mCreating build/Project_template.dmp[0m

   text	   data	    bss	    dec	    hex	filename
  52100	   2948	   6444	  61492	   f034	build/Project_template.elf
[1;34mCreating build/Project_template.list[0m

[1;34mDone[0m
20:57:09 **** Incremental Build of configuration Default for project ZPP_Epuck2_Project ****
make all 
[1;34mCompiling main.c[0m
main.c: In function 'main':
main.c:57:13: warning: function declaration isn't a prototype [-Wstrict-prototypes]
         int main()
             ^~~~
main.c:57:13: warning: 'main' is normally a non-static function [-Wmain]
main.c: In function 'main':
main.c:93:88: warning: suggest parentheses around '&&' within '||' [-Wparentheses]
           else if(proximity_reading[0] < threshold || proximity_reading[7] < threshold && proximity_reading[2] == 0) //obstacles ahead
                                                       ~~~~~~~~~~~~~~~~~~~~~~~~~~~~~~~~~^~~~~~~~~~~~~~~~~~~~~~~~~~~~
main.c:117:88: warning: suggest parentheses around '&&' within '||' [-Wparentheses]
           else if(proximity_reading[0] < threshold || proximity_reading[7] < threshold && proximity_reading[2] < 300) //The epuck came to the right corner of the area
                                                       ~~~~~~~~~~~~~~~~~~~~~~~~~~~~~~~~~^~~~~~~~~~~~~~~~~~~~~~~~~~~~~
main.c:59:17: warning: unused variable 'proximity_sensor' [-Wunused-variable]
             int proximity_sensor[8] ={0,1,2,3,4,5,6,7};  //Name the 8 proximity sensors
                 ^~~~~~~~~~~~~~~~
At top level:
main.c:57:13: warning: 'main' defined but not used [-Wunused-function]
         int main()
             ^~~~
[1;34mLinking build/Project_template.elf[0m
[1;34mCreating build/Project_template.hex[0m
[1;34mCreating build/Project_template.bin[0m
[1;34mCreating build/Project_template.dmp[0m

   text	   data	    bss	    dec	    hex	filename
  52100	   2948	   6444	  61492	   f034	build/Project_template.elf
[1;34mCreating build/Project_template.list[0m

[1;34mDone[0m
21:33:18 **** Incremental Build of configuration Default for project ZPP_Epuck2_Project ****
make all 
make: Nothing to be done for 'all'.
21:35:27 **** Incremental Build of configuration Default for project ZPP_Epuck2_Project ****
make all 
[1;34mCompiling main.c[0m
main.c: In function 'main':
main.c:31:22: error: stray '\357' in program
     proximity_start()Ôºõ
                      ^
main.c:31:23: error: stray '\274' in program
     proximity_start()Ôºõ
                       ^
main.c:31:24: error: stray '\233' in program
     proximity_start()Ôºõ
                        ^
main.c:32:5: error: expected ';' before 'calibrate_ir'
     calibrate_ir();
     ^~~~~~~~~~~~
main.c:33:5: warning: implicit declaration of function 'motors_intt'; did you mean 'motors_init'? [-Wimplicit-function-declaration]
     motors_intt();
     ^~~~~~~~~~~
     motors_init
make: *** [../e-puck2_main-processor/ChibiOS//os/common/ports/ARMCMx/compilers/GCC/rules.mk:217: build/obj/main.o] Error 1
"make all" terminated with exit code 2. Build might be incomplete.
21:35:36 **** Incremental Build of configuration Default for project ZPP_Epuck2_Project ****
make all 
[1;34mCompiling main.c[0m
main.c: In function 'main':
main.c:31:22: error: stray '\357' in program
     proximity_start()Ôºõ
                      ^
main.c:31:23: error: stray '\274' in program
     proximity_start()Ôºõ
                       ^
main.c:31:24: error: stray '\233' in program
     proximity_start()Ôºõ
                        ^
main.c:32:5: error: expected ';' before 'calibrate_ir'
     calibrate_ir();
     ^~~~~~~~~~~~
main.c:33:5: warning: implicit declaration of function 'motors_intt'; did you mean 'motors_init'? [-Wimplicit-function-declaration]
     motors_intt();
     ^~~~~~~~~~~
     motors_init
make: *** [../e-puck2_main-processor/ChibiOS//os/common/ports/ARMCMx/compilers/GCC/rules.mk:217: build/obj/main.o] Error 1
"make all" terminated with exit code 2. Build might be incomplete.
22:35:53 **** Incremental Build of configuration Default for project ZPP_Epuck2_Project ****
make all 
[1;34mCompiling main.c[0m
main.c: In function 'main':
main.c:57:13: warning: function declaration isn't a prototype [-Wstrict-prototypes]
         int main()
             ^~~~
main.c:57:13: warning: 'main' is normally a non-static function [-Wmain]
main.c: In function 'main':
main.c:93:88: warning: suggest parentheses around '&&' within '||' [-Wparentheses]
           else if(proximity_reading[0] < threshold || proximity_reading[7] < threshold && proximity_reading[2] == 0) //obstacles ahead
                                                       ~~~~~~~~~~~~~~~~~~~~~~~~~~~~~~~~~^~~~~~~~~~~~~~~~~~~~~~~~~~~~
main.c:117:88: warning: suggest parentheses around '&&' within '||' [-Wparentheses]
           else if(proximity_reading[0] < threshold || proximity_reading[7] < threshold && proximity_reading[2] < 300) //The epuck came to the right corner of the area
                                                       ~~~~~~~~~~~~~~~~~~~~~~~~~~~~~~~~~^~~~~~~~~~~~~~~~~~~~~~~~~~~~~
main.c:59:17: warning: unused variable 'proximity_sensor' [-Wunused-variable]
             int proximity_sensor[8] ={0,1,2,3,4,5,6,7};  //Name the 8 proximity sensors
                 ^~~~~~~~~~~~~~~~
At top level:
main.c:57:13: warning: 'main' defined but not used [-Wunused-function]
         int main()
             ^~~~
[1;34mLinking build/Project_template.elf[0m
[1;34mCreating build/Project_template.hex[0m
[1;34mCreating build/Project_template.bin[0m
[1;34mCreating build/Project_template.dmp[0m

   text	   data	    bss	    dec	    hex	filename
  52100	   2948	   6444	  61492	   f034	build/Project_template.elf
[1;34mCreating build/Project_template.list[0m

[1;34mDone[0m
22:46:04 **** Incremental Build of configuration Default for project ZPP_Epuck2_Project ****
make all 
[1;34mCompiling main.c[0m
main.c: In function 'main':
main.c:90:87: warning: suggest parentheses around '&&' within '||' [-Wparentheses]
          else if(proximity_reading[0] < threshold || proximity_reading[7] < threshold && proximity_reading[2] == 0) //obstacles ahead
                                                      ~~~~~~~~~~~~~~~~~~~~~~~~~~~~~~~~~^~~~~~~~~~~~~~~~~~~~~~~~~~~~
main.c:114:87: warning: suggest parentheses around '&&' within '||' [-Wparentheses]
          else if(proximity_reading[0] < threshold || proximity_reading[7] < threshold && proximity_reading[2] < 300) //The epuck came to the right corner of the area
                                                      ~~~~~~~~~~~~~~~~~~~~~~~~~~~~~~~~~^~~~~~~~~~~~~~~~~~~~~~~~~~~~~
main.c:56:13: warning: unused variable 'proximity_sensor' [-Wunused-variable]
         int proximity_sensor[8] ={0,1,2,3,4,5,6,7};  //Name the 8 proximity sensors
             ^~~~~~~~~~~~~~~~
[1;34mLinking build/Project_template.elf[0m
[1;34mCreating build/Project_template.hex[0m
[1;34mCreating build/Project_template.bin[0m
[1;34mCreating build/Project_template.dmp[0m

   text	   data	    bss	    dec	    hex	filename
  52292	   2948	   6444	  61684	   f0f4	build/Project_template.elf
[1;34mCreating build/Project_template.list[0m

[1;34mDone[0m
22:55:15 **** Incremental Build of configuration Default for project ZPP_Epuck2_Project ****
make all 
[1;34mCompiling main.c[0m
main.c: In function 'main':
main.c:84:87: warning: suggest parentheses around '&&' within '||' [-Wparentheses]
          else if(proximity_reading[0] < threshold || proximity_reading[7] < threshold && proximity_reading[2] == 0) //obstacles ahead
                                                      ~~~~~~~~~~~~~~~~~~~~~~~~~~~~~~~~~^~~~~~~~~~~~~~~~~~~~~~~~~~~~
main.c:104:87: warning: suggest parentheses around '&&' within '||' [-Wparentheses]
          else if(proximity_reading[0] < threshold || proximity_reading[7] < threshold && proximity_reading[2] < 300) //The epuck came to the right corner of the area
                                                      ~~~~~~~~~~~~~~~~~~~~~~~~~~~~~~~~~^~~~~~~~~~~~~~~~~~~~~~~~~~~~~
main.c:124:68: error: lvalue required as left operand of assignment
              if(proximity_reading[0]  == 0 && proximity_reading[7] = 0) //An exit is detected and the epuck head is facing the alley exit
                                                                    ^
main.c:56:13: warning: unused variable 'proximity_sensor' [-Wunused-variable]
         int proximity_sensor[8] ={0,1,2,3,4,5,6,7};  //Name the 8 proximity sensors
             ^~~~~~~~~~~~~~~~
make: *** [../e-puck2_main-processor/ChibiOS//os/common/ports/ARMCMx/compilers/GCC/rules.mk:217: build/obj/main.o] Error 1
"make all" terminated with exit code 2. Build might be incomplete.
22:55:29 **** Incremental Build of configuration Default for project ZPP_Epuck2_Project ****
make all 
[1;34mCompiling main.c[0m
main.c: In function 'main':
main.c:84:87: warning: suggest parentheses around '&&' within '||' [-Wparentheses]
          else if(proximity_reading[0] < threshold || proximity_reading[7] < threshold && proximity_reading[2] == 0) //obstacles ahead
                                                      ~~~~~~~~~~~~~~~~~~~~~~~~~~~~~~~~~^~~~~~~~~~~~~~~~~~~~~~~~~~~~
main.c:104:87: warning: suggest parentheses around '&&' within '||' [-Wparentheses]
          else if(proximity_reading[0] < threshold || proximity_reading[7] < threshold && proximity_reading[2] < 300) //The epuck came to the right corner of the area
                                                      ~~~~~~~~~~~~~~~~~~~~~~~~~~~~~~~~~^~~~~~~~~~~~~~~~~~~~~~~~~~~~~
main.c:56:13: warning: unused variable 'proximity_sensor' [-Wunused-variable]
         int proximity_sensor[8] ={0,1,2,3,4,5,6,7};  //Name the 8 proximity sensors
             ^~~~~~~~~~~~~~~~
[1;34mLinking build/Project_template.elf[0m
[1;34mCreating build/Project_template.hex[0m
[1;34mCreating build/Project_template.bin[0m
[1;34mCreating build/Project_template.dmp[0m

   text	   data	    bss	    dec	    hex	filename
  52292	   2948	   6444	  61684	   f0f4	build/Project_template.elf
[1;34mCreating build/Project_template.list[0m

[1;34mDone[0m
22:56:11 **** Incremental Build of configuration Default for project ZPP_Epuck2_Project ****
make all 
[1;34mCompiling main.c[0m
main.c: In function 'main':
main.c:84:87: warning: suggest parentheses around '&&' within '||' [-Wparentheses]
          else if(proximity_reading[0] < threshold || proximity_reading[7] < threshold && proximity_reading[2] == 0) //obstacles ahead
                                                      ~~~~~~~~~~~~~~~~~~~~~~~~~~~~~~~~~^~~~~~~~~~~~~~~~~~~~~~~~~~~~
main.c:104:87: warning: suggest parentheses around '&&' within '||' [-Wparentheses]
          else if(proximity_reading[0] < threshold || proximity_reading[7] < threshold && proximity_reading[2] < 300) //The epuck came to the right corner of the area
                                                      ~~~~~~~~~~~~~~~~~~~~~~~~~~~~~~~~~^~~~~~~~~~~~~~~~~~~~~~~~~~~~~
main.c:56:13: warning: unused variable 'proximity_sensor' [-Wunused-variable]
         int proximity_sensor[8] ={0,1,2,3,4,5,6,7};  //Name the 8 proximity sensors
             ^~~~~~~~~~~~~~~~
[1;34mLinking build/Project_template.elf[0m
[1;34mCreating build/Project_template.hex[0m
[1;34mCreating build/Project_template.bin[0m
[1;34mCreating build/Project_template.dmp[0m

   text	   data	    bss	    dec	    hex	filename
  52292	   2948	   6444	  61684	   f0f4	build/Project_template.elf
[1;34mCreating build/Project_template.list[0m

[1;34mDone[0m
22:56:45 **** Incremental Build of configuration Default for project ZPP_Epuck2_Project ****
make all 
make: Nothing to be done for 'all'.
22:59:01 **** Incremental Build of configuration Default for project ZPP_Epuck2_Project ****
make all 
[1;34mCompiling main.c[0m
main.c: In function 'main':
main.c:84:87: warning: suggest parentheses around '&&' within '||' [-Wparentheses]
          else if(proximity_reading[0] < threshold || proximity_reading[7] < threshold && proximity_reading[2] == 0) //obstacles ahead
                                                      ~~~~~~~~~~~~~~~~~~~~~~~~~~~~~~~~~^~~~~~~~~~~~~~~~~~~~~~~~~~~~
main.c:104:87: warning: suggest parentheses around '&&' within '||' [-Wparentheses]
          else if(proximity_reading[0] < threshold || proximity_reading[7] < threshold && proximity_reading[2] < 300) //The epuck came to the right corner of the area
                                                      ~~~~~~~~~~~~~~~~~~~~~~~~~~~~~~~~~^~~~~~~~~~~~~~~~~~~~~~~~~~~~~
main.c:56:13: warning: unused variable 'proximity_sensor' [-Wunused-variable]
         int proximity_sensor[8] ={0,1,2,3,4,5,6,7};  //Name the 8 proximity sensors
             ^~~~~~~~~~~~~~~~
[1;34mLinking build/Project_template.elf[0m
[1;34mCreating build/Project_template.hex[0m
[1;34mCreating build/Project_template.bin[0m
[1;34mCreating build/Project_template.dmp[0m

   text	   data	    bss	    dec	    hex	filename
  52292	   2948	   6444	  61684	   f0f4	build/Project_template.elf
[1;34mCreating build/Project_template.list[0m

[1;34mDone[0m
23:03:59 **** Incremental Build of configuration Default for project ZPP_Epuck2_Project ****
make all 
[1;34mCompiling main.c[0m
main.c: In function 'main':
main.c:84:87: warning: suggest parentheses around '&&' within '||' [-Wparentheses]
          else if(proximity_reading[0] < threshold || proximity_reading[7] < threshold && proximity_reading[2] == 0) //obstacles ahead
                                                      ~~~~~~~~~~~~~~~~~~~~~~~~~~~~~~~~~^~~~~~~~~~~~~~~~~~~~~~~~~~~~
main.c:104:87: warning: suggest parentheses around '&&' within '||' [-Wparentheses]
          else if(proximity_reading[0] < threshold || proximity_reading[7] < threshold && proximity_reading[2] < 300) //The epuck came to the right corner of the area
                                                      ~~~~~~~~~~~~~~~~~~~~~~~~~~~~~~~~~^~~~~~~~~~~~~~~~~~~~~~~~~~~~~
main.c:56:13: warning: unused variable 'proximity_sensor' [-Wunused-variable]
         int proximity_sensor[8] ={0,1,2,3,4,5,6,7};  //Name the 8 proximity sensors
             ^~~~~~~~~~~~~~~~
[1;34mLinking build/Project_template.elf[0m
[1;34mCreating build/Project_template.hex[0m
[1;34mCreating build/Project_template.bin[0m
[1;34mCreating build/Project_template.dmp[0m

   text	   data	    bss	    dec	    hex	filename
  52292	   2948	   6444	  61684	   f0f4	build/Project_template.elf
[1;34mCreating build/Project_template.list[0m

[1;34mDone[0m
23:05:13 **** Incremental Build of configuration Default for project ZPP_Epuck2_Project ****
make all 
[1;34mCompiling main.c[0m
main.c: In function 'main':
main.c:84:87: warning: suggest parentheses around '&&' within '||' [-Wparentheses]
          else if(proximity_reading[0] < threshold || proximity_reading[7] < threshold && proximity_reading[2] == 0) //obstacles ahead
                                                      ~~~~~~~~~~~~~~~~~~~~~~~~~~~~~~~~~^~~~~~~~~~~~~~~~~~~~~~~~~~~~
main.c:104:87: warning: suggest parentheses around '&&' within '||' [-Wparentheses]
          else if(proximity_reading[0] < threshold || proximity_reading[7] < threshold && proximity_reading[2] < 300) //The epuck came to the right corner of the area
                                                      ~~~~~~~~~~~~~~~~~~~~~~~~~~~~~~~~~^~~~~~~~~~~~~~~~~~~~~~~~~~~~~
main.c:56:13: warning: unused variable 'proximity_sensor' [-Wunused-variable]
         int proximity_sensor[8] ={0,1,2,3,4,5,6,7};  //Name the 8 proximity sensors
             ^~~~~~~~~~~~~~~~
[1;34mLinking build/Project_template.elf[0m
[1;34mCreating build/Project_template.hex[0m
[1;34mCreating build/Project_template.bin[0m
[1;34mCreating build/Project_template.dmp[0m

   text	   data	    bss	    dec	    hex	filename
  52292	   2948	   6444	  61684	   f0f4	build/Project_template.elf
[1;34mCreating build/Project_template.list[0m

[1;34mDone[0m
23:05:56 **** Incremental Build of configuration Default for project ZPP_Epuck2_Project ****
make all 
[1;34mCompiling main.c[0m
main.c: In function 'main':
main.c:83:87: warning: suggest parentheses around '&&' within '||' [-Wparentheses]
          else if(proximity_reading[0] < threshold || proximity_reading[7] < threshold && proximity_reading[2] == 0) //obstacles ahead
                                                      ~~~~~~~~~~~~~~~~~~~~~~~~~~~~~~~~~^~~~~~~~~~~~~~~~~~~~~~~~~~~~
main.c:103:87: warning: suggest parentheses around '&&' within '||' [-Wparentheses]
          else if(proximity_reading[0] < threshold || proximity_reading[7] < threshold && proximity_reading[2] < 300) //The epuck came to the right corner of the area
                                                      ~~~~~~~~~~~~~~~~~~~~~~~~~~~~~~~~~^~~~~~~~~~~~~~~~~~~~~~~~~~~~~
main.c:56:13: warning: unused variable 'proximity_sensor' [-Wunused-variable]
         int proximity_sensor[8] ={0,1,2,3,4,5,6,7};  //Name the 8 proximity sensors
             ^~~~~~~~~~~~~~~~
[1;34mLinking build/Project_template.elf[0m
[1;34mCreating build/Project_template.hex[0m
[1;34mCreating build/Project_template.bin[0m
[1;34mCreating build/Project_template.dmp[0m

   text	   data	    bss	    dec	    hex	filename
  52292	   2948	   6444	  61684	   f0f4	build/Project_template.elf
[1;34mCreating build/Project_template.list[0m

[1;34mDone[0m
23:06:31 **** Incremental Build of configuration Default for project ZPP_Epuck2_Project ****
make all 
[1;34mCompiling main.c[0m
main.c: In function 'main':
main.c:30:25: error: 'bus_lock' undeclared (first use in this function); did you mean '__lock'?
  messagebus_init(&bus, &bus_lock, &bus_condvar);
                         ^~~~~~~~
                         __lock
main.c:30:25: note: each undeclared identifier is reported only once for each function it appears in
main.c:83:87: warning: suggest parentheses around '&&' within '||' [-Wparentheses]
          else if(proximity_reading[0] < threshold || proximity_reading[7] < threshold && proximity_reading[2] == 0) //obstacles ahead
                                                      ~~~~~~~~~~~~~~~~~~~~~~~~~~~~~~~~~^~~~~~~~~~~~~~~~~~~~~~~~~~~~
main.c:103:87: warning: suggest parentheses around '&&' within '||' [-Wparentheses]
          else if(proximity_reading[0] < threshold || proximity_reading[7] < threshold && proximity_reading[2] < 300) //The epuck came to the right corner of the area
                                                      ~~~~~~~~~~~~~~~~~~~~~~~~~~~~~~~~~^~~~~~~~~~~~~~~~~~~~~~~~~~~~~
main.c:56:13: warning: unused variable 'proximity_sensor' [-Wunused-variable]
         int proximity_sensor[8] ={0,1,2,3,4,5,6,7};  //Name the 8 proximity sensors
             ^~~~~~~~~~~~~~~~
make: *** [../e-puck2_main-processor/ChibiOS//os/common/ports/ARMCMx/compilers/GCC/rules.mk:217: build/obj/main.o] Error 1
"make all" terminated with exit code 2. Build might be incomplete.
23:06:40 **** Incremental Build of configuration Default for project ZPP_Epuck2_Project ****
make all 
[1;34mCompiling main.c[0m
main.c: In function 'main':
main.c:83:87: warning: suggest parentheses around '&&' within '||' [-Wparentheses]
          else if(proximity_reading[0] < threshold || proximity_reading[7] < threshold && proximity_reading[2] == 0) //obstacles ahead
                                                      ~~~~~~~~~~~~~~~~~~~~~~~~~~~~~~~~~^~~~~~~~~~~~~~~~~~~~~~~~~~~~
main.c:103:87: warning: suggest parentheses around '&&' within '||' [-Wparentheses]
          else if(proximity_reading[0] < threshold || proximity_reading[7] < threshold && proximity_reading[2] < 300) //The epuck came to the right corner of the area
                                                      ~~~~~~~~~~~~~~~~~~~~~~~~~~~~~~~~~^~~~~~~~~~~~~~~~~~~~~~~~~~~~~
main.c:56:13: warning: unused variable 'proximity_sensor' [-Wunused-variable]
         int proximity_sensor[8] ={0,1,2,3,4,5,6,7};  //Name the 8 proximity sensors
             ^~~~~~~~~~~~~~~~
[1;34mLinking build/Project_template.elf[0m
[1;34mCreating build/Project_template.hex[0m
[1;34mCreating build/Project_template.bin[0m
[1;34mCreating build/Project_template.dmp[0m

   text	   data	    bss	    dec	    hex	filename
  52292	   2948	   6444	  61684	   f0f4	build/Project_template.elf
[1;34mCreating build/Project_template.list[0m

[1;34mDone[0m
23:07:42 **** Incremental Build of configuration Default for project ZPP_Epuck2_Project ****
make all 
[1;34mCompiling main.c[0m
main.c: In function 'main':
main.c:84:87: warning: suggest parentheses around '&&' within '||' [-Wparentheses]
          else if(proximity_reading[0] < threshold || proximity_reading[7] < threshold && proximity_reading[2] == 0) //obstacles ahead
                                                      ~~~~~~~~~~~~~~~~~~~~~~~~~~~~~~~~~^~~~~~~~~~~~~~~~~~~~~~~~~~~~
main.c:104:87: warning: suggest parentheses around '&&' within '||' [-Wparentheses]
          else if(proximity_reading[0] < threshold || proximity_reading[7] < threshold && proximity_reading[2] < 300) //The epuck came to the right corner of the area
                                                      ~~~~~~~~~~~~~~~~~~~~~~~~~~~~~~~~~^~~~~~~~~~~~~~~~~~~~~~~~~~~~~
main.c:57:13: warning: unused variable 'proximity_sensor' [-Wunused-variable]
         int proximity_sensor[8] ={0,1,2,3,4,5,6,7};  //Name the 8 proximity sensors
             ^~~~~~~~~~~~~~~~
[1;34mLinking build/Project_template.elf[0m
[1;34mCreating build/Project_template.hex[0m
[1;34mCreating build/Project_template.bin[0m
[1;34mCreating build/Project_template.dmp[0m

   text	   data	    bss	    dec	    hex	filename
  52292	   2948	   6444	  61684	   f0f4	build/Project_template.elf
[1;34mCreating build/Project_template.list[0m

[1;34mDone[0m
23:08:59 **** Incremental Build of configuration Default for project ZPP_Epuck2_Project ****
make all 
[1;34mCompiling main.c[0m
main.c: In function 'main':
main.c:85:87: warning: suggest parentheses around '&&' within '||' [-Wparentheses]
          else if(proximity_reading[0] < threshold || proximity_reading[7] < threshold && proximity_reading[2] == 0) //obstacles ahead
                                                      ~~~~~~~~~~~~~~~~~~~~~~~~~~~~~~~~~^~~~~~~~~~~~~~~~~~~~~~~~~~~~
main.c:105:87: warning: suggest parentheses around '&&' within '||' [-Wparentheses]
          else if(proximity_reading[0] < threshold || proximity_reading[7] < threshold && proximity_reading[2] < 300) //The epuck came to the right corner of the area
                                                      ~~~~~~~~~~~~~~~~~~~~~~~~~~~~~~~~~^~~~~~~~~~~~~~~~~~~~~~~~~~~~~
main.c:58:13: warning: unused variable 'proximity_sensor' [-Wunused-variable]
         int proximity_sensor[8] ={0,1,2,3,4,5,6,7};  //Name the 8 proximity sensors
             ^~~~~~~~~~~~~~~~
[1;34mLinking build/Project_template.elf[0m
[1;34mCreating build/Project_template.hex[0m
[1;34mCreating build/Project_template.bin[0m
[1;34mCreating build/Project_template.dmp[0m

   text	   data	    bss	    dec	    hex	filename
  56148	   2956	   7228	  66332	  1031c	build/Project_template.elf
[1;34mCreating build/Project_template.list[0m

[1;34mDone[0m
23:10:55 **** Incremental Build of configuration Default for project ZPP_Epuck2_Project ****
make all 
[1;34mCompiling main.c[0m
main.c: In function 'main':
main.c:86:87: warning: suggest parentheses around '&&' within '||' [-Wparentheses]
          else if(proximity_reading[0] < threshold || proximity_reading[7] < threshold && proximity_reading[2] == 0) //obstacles ahead
                                                      ~~~~~~~~~~~~~~~~~~~~~~~~~~~~~~~~~^~~~~~~~~~~~~~~~~~~~~~~~~~~~
main.c:106:87: warning: suggest parentheses around '&&' within '||' [-Wparentheses]
          else if(proximity_reading[0] < threshold || proximity_reading[7] < threshold && proximity_reading[2] < 300) //The epuck came to the right corner of the area
                                                      ~~~~~~~~~~~~~~~~~~~~~~~~~~~~~~~~~^~~~~~~~~~~~~~~~~~~~~~~~~~~~~
main.c:59:13: warning: unused variable 'proximity_sensor' [-Wunused-variable]
         int proximity_sensor[8] ={0,1,2,3,4,5,6,7};  //Name the 8 proximity sensors
             ^~~~~~~~~~~~~~~~
[1;34mLinking build/Project_template.elf[0m
[1;34mCreating build/Project_template.hex[0m
[1;34mCreating build/Project_template.bin[0m
[1;34mCreating build/Project_template.dmp[0m

   text	   data	    bss	    dec	    hex	filename
  56228	   2956	   7228	  66412	  1036c	build/Project_template.elf
[1;34mCreating build/Project_template.list[0m

[1;34mDone[0m
23:13:48 **** Incremental Build of configuration Default for project ZPP_Epuck2_Project ****
make all 
[1;34mCompiling main.c[0m
main.c: In function 'main':
main.c:86:87: warning: suggest parentheses around '&&' within '||' [-Wparentheses]
          else if(proximity_reading[0] < threshold || proximity_reading[7] < threshold && proximity_reading[2] == 0) //obstacles ahead
                                                      ~~~~~~~~~~~~~~~~~~~~~~~~~~~~~~~~~^~~~~~~~~~~~~~~~~~~~~~~~~~~~
main.c:106:87: warning: suggest parentheses around '&&' within '||' [-Wparentheses]
          else if(proximity_reading[0] < threshold || proximity_reading[7] < threshold && proximity_reading[2] < 300) //The epuck came to the right corner of the area
                                                      ~~~~~~~~~~~~~~~~~~~~~~~~~~~~~~~~~^~~~~~~~~~~~~~~~~~~~~~~~~~~~~
main.c:59:13: warning: unused variable 'proximity_sensor' [-Wunused-variable]
         int proximity_sensor[8] ={0,1,2,3,4,5,6,7};  //Name the 8 proximity sensors
             ^~~~~~~~~~~~~~~~
[1;34mLinking build/Project_template.elf[0m
[1;34mCreating build/Project_template.hex[0m
[1;34mCreating build/Project_template.bin[0m
[1;34mCreating build/Project_template.dmp[0m

   text	   data	    bss	    dec	    hex	filename
  56292	   2988	   7228	  66508	  103cc	build/Project_template.elf
[1;34mCreating build/Project_template.list[0m

[1;34mDone[0m
23:14:00 **** Incremental Build of configuration Default for project ZPP_Epuck2_Project ****
make all 
make: Nothing to be done for 'all'.
23:14:27 **** Incremental Build of configuration Default for project ZPP_Epuck2_Project ****
make all 
[1;34mCompiling main.c[0m
main.c: In function 'main':
main.c:83:87: warning: suggest parentheses around '&&' within '||' [-Wparentheses]
          else if(proximity_reading[0] < threshold || proximity_reading[7] < threshold && proximity_reading[2] == 0) //obstacles ahead
                                                      ~~~~~~~~~~~~~~~~~~~~~~~~~~~~~~~~~^~~~~~~~~~~~~~~~~~~~~~~~~~~~
main.c:103:87: warning: suggest parentheses around '&&' within '||' [-Wparentheses]
          else if(proximity_reading[0] < threshold || proximity_reading[7] < threshold && proximity_reading[2] < 300) //The epuck came to the right corner of the area
                                                      ~~~~~~~~~~~~~~~~~~~~~~~~~~~~~~~~~^~~~~~~~~~~~~~~~~~~~~~~~~~~~~
main.c:56:13: warning: unused variable 'proximity_sensor' [-Wunused-variable]
         int proximity_sensor[8] ={0,1,2,3,4,5,6,7};  //Name the 8 proximity sensors
             ^~~~~~~~~~~~~~~~
[1;34mLinking build/Project_template.elf[0m
[1;34mCreating build/Project_template.hex[0m
[1;34mCreating build/Project_template.bin[0m
[1;34mCreating build/Project_template.dmp[0m

   text	   data	    bss	    dec	    hex	filename
  56292	   2988	   7228	  66508	  103cc	build/Project_template.elf
[1;34mCreating build/Project_template.list[0m

[1;34mDone[0m
23:14:47 **** Incremental Build of configuration Default for project ZPP_Epuck2_Project ****
make all 
[1;34mCompiling main.c[0m
main.c: In function 'main':
main.c:83:87: warning: suggest parentheses around '&&' within '||' [-Wparentheses]
          else if(proximity_reading[0] < threshold || proximity_reading[7] < threshold && proximity_reading[2] == 0) //obstacles ahead
                                                      ~~~~~~~~~~~~~~~~~~~~~~~~~~~~~~~~~^~~~~~~~~~~~~~~~~~~~~~~~~~~~
main.c:103:87: warning: suggest parentheses around '&&' within '||' [-Wparentheses]
          else if(proximity_reading[0] < threshold || proximity_reading[7] < threshold && proximity_reading[2] < 300) //The epuck came to the right corner of the area
                                                      ~~~~~~~~~~~~~~~~~~~~~~~~~~~~~~~~~^~~~~~~~~~~~~~~~~~~~~~~~~~~~~
main.c:56:13: warning: unused variable 'proximity_sensor' [-Wunused-variable]
         int proximity_sensor[8] ={0,1,2,3,4,5,6,7};  //Name the 8 proximity sensors
             ^~~~~~~~~~~~~~~~
[1;34mLinking build/Project_template.elf[0m
[1;34mCreating build/Project_template.hex[0m
[1;34mCreating build/Project_template.bin[0m
[1;34mCreating build/Project_template.dmp[0m

   text	   data	    bss	    dec	    hex	filename
  56228	   2956	   7228	  66412	  1036c	build/Project_template.elf
[1;34mCreating build/Project_template.list[0m

[1;34mDone[0m
23:18:48 **** Incremental Build of configuration Default for project ZPP_Epuck2_Project ****
make all 
make: Nothing to be done for 'all'.
